Arguments: 
  C:\Program Files\nodejs\node.exe C:\Program Files (x86)\Yarn\bin\yarn.js add webpack --dev

PATH: 
  C:\Program Files (x86)\Common Files\Oracle\Java\javapath;C:\ProgramData\Oracle\Java\javapath;C:\Program Files (x86)\NVIDIA Corporation\PhysX\Common;C:\Windows\system32;C:\Windows;C:\Windows\System32\Wbem;C:\Windows\System32\WindowsPowerShell\v1.0\;C:\Users\Rade\Documents\E BOOK CITAC\;C:\Program Files (x86)\QuickTime\QTSystem\;C:\Users\Rade\Documents\enkripcijaapp\Gpg4win\..\GnuPG\bin;C:\Program Files\Microsoft Vs Code;C:\Program Files (x86)\Pandoc\;C:\Program Files\Microsoft VS Code\bin;C:\Program Files\nodejs\;C:\Program Files (x86)\Yarn\bin\;C:\Users\Rade\Documents\GIT FOLDER\Git\cmd;C:\Users\Rade\Documents\PROGRAMIRANJE\INSTALACIONI FOLDER ZA PROGRAMSKE JEZIKE\ssh;C:\Program Files\heroku\bin;C:\Program Files\Microsoft VS Code\bin;C:\Users\Rade\AppData\Roaming\npm;C:\Users\Rade\AppData\Local\Yarn\bin

Yarn version: 
  1.16.0

Node version: 
  10.15.3

Platform: 
  win32 x64

Trace: 
  SyntaxError: C:\Users\Rade\Documents\PROGRAMIRANJE\vezbe_za_web_aplikacije\webpack larkin\projekti\inst_pwa_clone_w\package.json: Unexpected token } in JSON at position 275
      at JSON.parse (<anonymous>)
      at C:\Program Files (x86)\Yarn\lib\cli.js:1625:59
      at Generator.next (<anonymous>)
      at step (C:\Program Files (x86)\Yarn\lib\cli.js:304:30)
      at C:\Program Files (x86)\Yarn\lib\cli.js:315:13

npm manifest: 
  {
    "name": "insta_pwa_clone_w",
    "version": "1.0.1",
    "description": "app made for practicing webpack and pwa techologies",
    "main": "index.js",
    "repository": "https://github.com/Rade58/insta_pwa_cloneW.git",
    "author": "Rade",
    "license": "MIT",
    "private": false,
  }

yarn manifest: 
  No manifest

Lockfile: 
  # THIS IS AN AUTOGENERATED FILE. DO NOT EDIT THIS FILE DIRECTLY.
  # yarn lockfile v1
